2018-06-18T07:05:34.257Z - error:  Error: No such file: C:\Users\Tan Wang Leng\Documents\GitHub\yamgent\website-base\_markbind\boilerplates\unit-inElsewhere-asFlat.md
Missing reference in C:\Users\Tan Wang Leng\Documents\GitHub\yamgent\website-base\admin\project-v10.md
    at Parser._preprocess (C:\Users\Tan Wang Leng\Documents\GitHub\yamgent\markbind\lib\markbind\lib\parser.js:136:21)
    at element.children.element.children.map.e (C:\Users\Tan Wang Leng\Documents\GitHub\yamgent\markbind\lib\markbind\lib\parser.js:250:57)
    at Array.map (<anonymous>)
    at Parser._preprocess (C:\Users\Tan Wang Leng\Documents\GitHub\yamgent\markbind\lib\markbind\lib\parser.js:250:43)
    at element.children.element.children.map.e (C:\Users\Tan Wang Leng\Documents\GitHub\yamgent\markbind\lib\markbind\lib\parser.js:250:57)
    at Array.map (<anonymous>)
    at Parser._preprocess (C:\Users\Tan Wang Leng\Documents\GitHub\yamgent\markbind\lib\markbind\lib\parser.js:250:43)
    at element.children.element.children.map.e (C:\Users\Tan Wang Leng\Documents\GitHub\yamgent\markbind\lib\markbind\lib\parser.js:250:57)
    at Array.map (<anonymous>)
    at Parser._preprocess (C:\Users\Tan Wang Leng\Documents\GitHub\yamgent\markbind\lib\markbind\lib\parser.js:250:43)
    at element.children.element.children.map.e (C:\Users\Tan Wang Leng\Documents\GitHub\yamgent\markbind\lib\markbind\lib\parser.js:250:57)
    at Array.map (<anonymous>)
    at Parser._preprocess (C:\Users\Tan Wang Leng\Documents\GitHub\yamgent\markbind\lib\markbind\lib\parser.js:250:43)
    at element.children.element.children.map.e (C:\Users\Tan Wang Leng\Documents\GitHub\yamgent\markbind\lib\markbind\lib\parser.js:228:57)
    at Array.map (<anonymous>)
    at Parser._preprocess (C:\Users\Tan Wang Leng\Documents\GitHub\yamgent\markbind\lib\markbind\lib\parser.js:228:43)
2018-06-18T07:06:58.074Z - info: Pages built
2018-06-18T07:06:58.108Z - info: Site data built
2018-06-18T07:06:58.120Z - info: Generate Site durationMs=47191
2018-06-18T07:06:58.133Z - info: Serving "C:\Users\Tan Wang Leng\Documents\GitHub\yamgent\website-base\_site" at http://127.0.0.1:8080
2018-06-18T07:06:58.133Z - info: Press CTRL+C to stop ...
